<?xml version="1.0" encoding="UTF-8"?>
<testsuite name="com.junitassertiontest.JUnitTest" tests="1" skipped="0" failures="0" errors="0" timestamp="2020-09-21T14:18:19" hostname="IN1-1029290LT" time="0.001">
  <properties/>
  <testcase name="assertionTests" classname="com.junitassertiontest.JUnitTest" time="0.001"/>
  <system-out><![CDATA[]]></system-out>
  <system-err><![CDATA[]]></system-err>
</testsuite>
